|--- feature_1 <= 123.50
|   |--- feature_7 <= 29.50
|   |   |--- feature_5 <= 45.40
|   |   |   |--- feature_0 <= 6.50
|   |   |   |   |--- feature_0 <= 2.50
|   |   |   |   |   |--- feature_6 <= 0.67
|   |   |   |   |   |   |--- class: 0
|   |   |   |   |   |--- feature_6 >  0.67
|   |   |   |   |   |   |--- feature_6 <= 0.68
|   |   |   |   |   |   |   |--- class: 1
|   |   |   |   |   |   |--- feature_6 >  0.68
|   |   |   |   |   |   |   |--- feature_7 <= 27.50
|   |   |   |   |   |   |   |   |--- class: 0
|   |   |   |   |   |   |   |--- feature_7 >  27.50
|   |   |   |   |   |   |   |   |--- feature_3 <= 31.50
|   |   |   |   |   |   |   |   |   |--- class: 1
|   |   |   |   |   |   |   |   |--- feature_3 >  31.50
|   |   |   |   |   |   |   |   |   |--- class: 0
|   |   |   |   |--- feature_0 >  2.50
|   |   |   |   |   |--- feature_3 <= 40.50
|   |   |   |   |   |   |--- feature_0 <= 3.50
|   |   |   |   |   |   |   |--- feature_1 <= 80.00
|   |   |   |   |   |   |   |   |--- class: 1
|   |   |   |   |   |   |   |--- feature_1 >  80.00
|   |   |   |   |   |   |   |   |--- feature_4 <= 51.00
|   |   |   |   |   |   |   |   |   |--- feature_1 <= 106.50
|   |   |   |   |   |   |   |   |   |   |--- class: 0
|   |   |   |   |   |   |   |   |   |--- feature_1 >  106.50
|   |   |   |   |   |   |   |   |   |   |--- feature_7 <= 22.50
|   |   |   |   |   |   |   |   |   |   |   |--- class: 0
|   |   |   |   |   |   |   |   |   |   |--- feature_7 >  22.50
|   |   |   |   |   |   |   |   |   |   |   |--- class: 1
|   |   |   |   |   |   |   |   |--- feature_4 >  51.00
|   |   |   |   |   |   |   |   |   |--- class: 0
|   |   |   |   |   |   |--- feature_0 >  3.50
|   |   |   |   |   |   |   |--- class: 0
|   |   |   |   |   |--- feature_3 >  40.50
|   |   |   |   |   |   |--- feature_4 <= 76.50
|   |   |   |   |   |   |   |--- class: 0
|   |   |   |   |   |   |--- feature_4 >  76.50
|   |   |   |   |   |   |   |--- class: 1
|   |   |   |--- feature_0 >  6.50
|   |   |   |   |--- class: 1
|   |   |--- feature_5 >  45.40
|   |   |   |--- class: 1
|   |--- feature_7 >  29.50
|   |   |--- feature_5 <= 26.75
|   |   |   |--- class: 0
|   |   |--- feature_5 >  26.75
|   |   |   |--- feature_1 <= 89.50
|   |   |   |   |--- feature_0 <= 11.00
|   |   |   |   |   |--- class: 0
|   |   |   |   |--- feature_0 >  11.00
|   |   |   |   |   |--- feature_1 <= 86.00
|   |   |   |   |   |   |--- class: 1
|   |   |   |   |   |--- feature_1 >  86.00
|   |   |   |   |   |   |--- class: 0
|   |   |   |--- feature_1 >  89.50
|   |   |   |   |--- feature_6 <= 0.60
|   |   |   |   |   |--- feature_5 <= 43.10
|   |   |   |   |   |   |--- feature_3 <= 30.50
|   |   |   |   |   |   |   |--- feature_2 <= 81.00
|   |   |   |   |   |   |   |   |--- feature_6 <= 0.16
|   |   |   |   |   |   |   |   |   |--- class: 0
|   |   |   |   |   |   |   |   |--- feature_6 >  0.16
|   |   |   |   |   |   |   |   |   |--- feature_0 <= 7.50
|   |   |   |   |   |   |   |   |   |   |--- feature_6 <= 0.41
|   |   |   |   |   |   |   |   |   |   |   |--- class: 1
|   |   |   |   |   |   |   |   |   |   |--- feature_6 >  0.41
|   |   |   |   |   |   |   |   |   |   |   |--- truncated branch of depth 3
|   |   |   |   |   |   |   |   |   |--- feature_0 >  7.50
|   |   |   |   |   |   |   |   |   |   |--- feature_6 <= 0.27
|   |   |   |   |   |   |   |   |   |   |   |--- class: 0
|   |   |   |   |   |   |   |   |   |   |--- feature_6 >  0.27
|   |   |   |   |   |   |   |   |   |   |   |--- truncated branch of depth 2
|   |   |   |   |   |   |   |--- feature_2 >  81.00
|   |   |   |   |   |   |   |   |--- class: 0
|   |   |   |   |   |   |--- feature_3 >  30.50
|   |   |   |   |   |   |   |--- feature_1 <= 111.50
|   |   |   |   |   |   |   |   |--- class: 0
|   |   |   |   |   |   |   |--- feature_1 >  111.50
|   |   |   |   |   |   |   |   |--- feature_5 <= 33.40
|   |   |   |   |   |   |   |   |   |--- class: 0
|   |   |   |   |   |   |   |   |--- feature_5 >  33.40
|   |   |   |   |   |   |   |   |   |--- feature_6 <= 0.24
|   |   |   |   |   |   |   |   |   |   |--- class: 0
|   |   |   |   |   |   |   |   |   |--- feature_6 >  0.24
|   |   |   |   |   |   |   |   |   |   |--- class: 1
|   |   |   |   |   |--- feature_5 >  43.10
|   |   |   |   |   |   |--- class: 1
|   |   |   |   |--- feature_6 >  0.60
|   |   |   |   |   |--- feature_0 <= 6.50
|   |   |   |   |   |   |--- feature_6 <= 0.79
|   |   |   |   |   |   |   |--- feature_7 <= 34.50
|   |   |   |   |   |   |   |   |--- feature_6 <= 0.70
|   |   |   |   |   |   |   |   |   |--- class: 1
|   |   |   |   |   |   |   |   |--- feature_6 >  0.70
|   |   |   |   |   |   |   |   |   |--- class: 0
|   |   |   |   |   |   |   |--- feature_7 >  34.50
|   |   |   |   |   |   |   |   |--- class: 1
|   |   |   |   |   |   |--- feature_6 >  0.79
|   |   |   |   |   |   |   |--- class: 0
|   |   |   |   |   |--- feature_0 >  6.50
|   |   |   |   |   |   |--- feature_1 <= 95.50
|   |   |   |   |   |   |   |--- feature_0 <= 8.50
|   |   |   |   |   |   |   |   |--- class: 0
|   |   |   |   |   |   |   |--- feature_0 >  8.50
|   |   |   |   |   |   |   |   |--- class: 1
|   |   |   |   |   |   |--- feature_1 >  95.50
|   |   |   |   |   |   |   |--- class: 1
|--- feature_1 >  123.50
|   |--- feature_1 <= 157.50
|   |   |--- feature_6 <= 0.32
|   |   |   |--- feature_7 <= 33.00
|   |   |   |   |--- feature_3 <= 26.50
|   |   |   |   |   |--- class: 0
|   |   |   |   |--- feature_3 >  26.50
|   |   |   |   |   |--- feature_7 <= 27.50
|   |   |   |   |   |   |--- class: 0
|   |   |   |   |   |--- feature_7 >  27.50
|   |   |   |   |   |   |--- class: 1
|   |   |   |--- feature_7 >  33.00
|   |   |   |   |--- feature_5 <= 27.20
|   |   |   |   |   |--- class: 0
|   |   |   |   |--- feature_5 >  27.20
|   |   |   |   |   |--- feature_6 <= 0.29
|   |   |   |   |   |   |--- feature_1 <= 126.00
|   |   |   |   |   |   |   |--- class: 1
|   |   |   |   |   |   |--- feature_1 >  126.00
|   |   |   |   |   |   |   |--- feature_3 <= 34.00
|   |   |   |   |   |   |   |   |--- feature_2 <= 91.00
|   |   |   |   |   |   |   |   |   |--- feature_1 <= 142.50
|   |   |   |   |   |   |   |   |   |   |--- class: 0
|   |   |   |   |   |   |   |   |   |--- feature_1 >  142.50
|   |   |   |   |   |   |   |   |   |   |--- feature_4 <= 50.00
|   |   |   |   |   |   |   |   |   |   |   |--- truncated branch of depth 2
|   |   |   |   |   |   |   |   |   |   |--- feature_4 >  50.00
|   |   |   |   |   |   |   |   |   |   |   |--- class: 0
|   |   |   |   |   |   |   |   |--- feature_2 >  91.00
|   |   |   |   |   |   |   |   |   |--- feature_6 <= 0.21
|   |   |   |   |   |   |   |   |   |   |--- class: 0
|   |   |   |   |   |   |   |   |   |--- feature_6 >  0.21
|   |   |   |   |   |   |   |   |   |   |--- class: 1
|   |   |   |   |   |   |   |--- feature_3 >  34.00
|   |   |   |   |   |   |   |   |--- class: 1
|   |   |   |   |   |--- feature_6 >  0.29
|   |   |   |   |   |   |--- class: 0
|   |   |--- feature_6 >  0.32
|   |   |   |--- feature_7 <= 41.00
|   |   |   |   |--- feature_5 <= 31.45
|   |   |   |   |   |--- feature_4 <= 108.00
|   |   |   |   |   |   |--- feature_6 <= 0.44
|   |   |   |   |   |   |   |--- class: 1
|   |   |   |   |   |   |--- feature_6 >  0.44
|   |   |   |   |   |   |   |--- feature_6 <= 0.94
|   |   |   |   |   |   |   |   |--- class: 0
|   |   |   |   |   |   |   |--- feature_6 >  0.94
|   |   |   |   |   |   |   |   |--- class: 1
|   |   |   |   |   |--- feature_4 >  108.00
|   |   |   |   |   |   |--- class: 0
|   |   |   |   |--- feature_5 >  31.45
|   |   |   |   |   |--- feature_1 <= 152.50
|   |   |   |   |   |   |--- feature_5 <= 41.55
|   |   |   |   |   |   |   |--- feature_4 <= 199.50
|   |   |   |   |   |   |   |   |--- feature_4 <= 125.00
|   |   |   |   |   |   |   |   |   |--- feature_0 <= 5.50
|   |   |   |   |   |   |   |   |   |   |--- feature_3 <= 39.50
|   |   |   |   |   |   |   |   |   |   |   |--- truncated branch of depth 2
|   |   |   |   |   |   |   |   |   |   |--- feature_3 >  39.50
|   |   |   |   |   |   |   |   |   |   |   |--- class: 0
|   |   |   |   |   |   |   |   |   |--- feature_0 >  5.50
|   |   |   |   |   |   |   |   |   |   |--- class: 0
|   |   |   |   |   |   |   |   |--- feature_4 >  125.00
|   |   |   |   |   |   |   |   |   |--- feature_6 <= 0.34
|   |   |   |   |   |   |   |   |   |   |--- class: 0
|   |   |   |   |   |   |   |   |   |--- feature_6 >  0.34
|   |   |   |   |   |   |   |   |   |   |--- class: 1
|   |   |   |   |   |   |   |--- feature_4 >  199.50
|   |   |   |   |   |   |   |   |--- class: 0
|   |   |   |   |   |   |--- feature_5 >  41.55
|   |   |   |   |   |   |   |--- class: 1
|   |   |   |   |   |--- feature_1 >  152.50
|   |   |   |   |   |   |--- class: 0
|   |   |   |--- feature_7 >  41.00
|   |   |   |   |--- feature_5 <= 28.85
|   |   |   |   |   |--- feature_6 <= 0.63
|   |   |   |   |   |   |--- class: 1
|   |   |   |   |   |--- feature_6 >  0.63
|   |   |   |   |   |   |--- class: 0
|   |   |   |   |--- feature_5 >  28.85
|   |   |   |   |   |--- class: 1
|   |--- feature_1 >  157.50
|   |   |--- feature_7 <= 59.50
|   |   |   |--- feature_3 <= 42.00
|   |   |   |   |--- feature_5 <= 23.10
|   |   |   |   |   |--- class: 0
|   |   |   |   |--- feature_5 >  23.10
|   |   |   |   |   |--- feature_6 <= 0.30
|   |   |   |   |   |   |--- feature_6 <= 0.27
|   |   |   |   |   |   |   |--- feature_0 <= 9.50
|   |   |   |   |   |   |   |   |--- class: 1
|   |   |   |   |   |   |   |--- feature_0 >  9.50
|   |   |   |   |   |   |   |   |--- feature_0 <= 12.00
|   |   |   |   |   |   |   |   |   |--- class: 0
|   |   |   |   |   |   |   |   |--- feature_0 >  12.00
|   |   |   |   |   |   |   |   |   |--- class: 1
|   |   |   |   |   |   |--- feature_6 >  0.27
|   |   |   |   |   |   |   |--- class: 0
|   |   |   |   |   |--- feature_6 >  0.30
|   |   |   |   |   |   |--- feature_5 <= 46.10
|   |   |   |   |   |   |   |--- feature_2 <= 107.00
|   |   |   |   |   |   |   |   |--- feature_7 <= 48.00
|   |   |   |   |   |   |   |   |   |--- class: 1
|   |   |   |   |   |   |   |   |--- feature_7 >  48.00
|   |   |   |   |   |   |   |   |   |--- feature_2 <= 70.00
|   |   |   |   |   |   |   |   |   |   |--- class: 0
|   |   |   |   |   |   |   |   |   |--- feature_2 >  70.00
|   |   |   |   |   |   |   |   |   |   |--- class: 1
|   |   |   |   |   |   |   |--- feature_2 >  107.00
|   |   |   |   |   |   |   |   |--- feature_5 <= 36.95
|   |   |   |   |   |   |   |   |   |--- class: 0
|   |   |   |   |   |   |   |   |--- feature_5 >  36.95
|   |   |   |   |   |   |   |   |   |--- class: 1
|   |   |   |   |   |   |--- feature_5 >  46.10
|   |   |   |   |   |   |   |--- feature_3 <= 34.00
|   |   |   |   |   |   |   |   |--- class: 0
|   |   |   |   |   |   |   |--- feature_3 >  34.00
|   |   |   |   |   |   |   |   |--- class: 1
|   |   |   |--- feature_3 >  42.00
|   |   |   |   |--- class: 0
|   |   |--- feature_7 >  59.50
|   |   |   |--- class: 0
