|--- feature_1 <= 127.50
|   |--- feature_5 <= 27.40
|   |   |--- feature_2 <= 63.00
|   |   |   |--- feature_0 <= 6.50
|   |   |   |   |--- feature_6 <= 0.65
|   |   |   |   |   |--- class: 0
|   |   |   |   |--- feature_6 >  0.65
|   |   |   |   |   |--- feature_4 <= 68.00
|   |   |   |   |   |   |--- class: 1
|   |   |   |   |   |--- feature_4 >  68.00
|   |   |   |   |   |   |--- class: 0
|   |   |   |--- feature_0 >  6.50
|   |   |   |   |--- feature_5 <= 26.20
|   |   |   |   |   |--- class: 0
|   |   |   |   |--- feature_5 >  26.20
|   |   |   |   |   |--- class: 1
|   |   |--- feature_2 >  63.00
|   |   |   |--- class: 0
|   |--- feature_5 >  27.40
|   |   |--- feature_0 <= 6.50
|   |   |   |--- feature_5 <= 45.40
|   |   |   |   |--- feature_7 <= 34.50
|   |   |   |   |   |--- feature_6 <= 0.50
|   |   |   |   |   |   |--- feature_5 <= 27.65
|   |   |   |   |   |   |   |--- class: 1
|   |   |   |   |   |   |--- feature_5 >  27.65
|   |   |   |   |   |   |   |--- feature_2 <= 53.00
|   |   |   |   |   |   |   |   |--- feature_6 <= 0.26
|   |   |   |   |   |   |   |   |   |--- feature_7 <= 27.50
|   |   |   |   |   |   |   |   |   |   |--- class: 1
|   |   |   |   |   |   |   |   |   |--- feature_7 >  27.50
|   |   |   |   |   |   |   |   |   |   |--- class: 0
|   |   |   |   |   |   |   |   |--- feature_6 >  0.26
|   |   |   |   |   |   |   |   |   |--- class: 0
|   |   |   |   |   |   |   |--- feature_2 >  53.00
|   |   |   |   |   |   |   |   |--- feature_6 <= 0.20
|   |   |   |   |   |   |   |   |   |--- feature_6 <= 0.19
|   |   |   |   |   |   |   |   |   |   |--- class: 0
|   |   |   |   |   |   |   |   |   |--- feature_6 >  0.19
|   |   |   |   |   |   |   |   |   |   |--- feature_1 <= 109.00
|   |   |   |   |   |   |   |   |   |   |   |--- class: 0
|   |   |   |   |   |   |   |   |   |   |--- feature_1 >  109.00
|   |   |   |   |   |   |   |   |   |   |   |--- class: 1
|   |   |   |   |   |   |   |   |--- feature_6 >  0.20
|   |   |   |   |   |   |   |   |   |--- class: 0
|   |   |   |   |   |--- feature_6 >  0.50
|   |   |   |   |   |   |--- feature_5 <= 32.20
|   |   |   |   |   |   |   |--- class: 0
|   |   |   |   |   |   |--- feature_5 >  32.20
|   |   |   |   |   |   |   |--- feature_5 <= 38.65
|   |   |   |   |   |   |   |   |--- feature_2 <= 71.00
|   |   |   |   |   |   |   |   |   |--- feature_2 <= 57.00
|   |   |   |   |   |   |   |   |   |   |--- class: 0
|   |   |   |   |   |   |   |   |   |--- feature_2 >  57.00
|   |   |   |   |   |   |   |   |   |   |--- class: 1
|   |   |   |   |   |   |   |   |--- feature_2 >  71.00
|   |   |   |   |   |   |   |   |   |--- feature_5 <= 32.35
|   |   |   |   |   |   |   |   |   |   |--- class: 1
|   |   |   |   |   |   |   |   |   |--- feature_5 >  32.35
|   |   |   |   |   |   |   |   |   |   |--- feature_4 <= 183.50
|   |   |   |   |   |   |   |   |   |   |   |--- class: 0
|   |   |   |   |   |   |   |   |   |   |--- feature_4 >  183.50
|   |   |   |   |   |   |   |   |   |   |   |--- truncated branch of depth 2
|   |   |   |   |   |   |   |--- feature_5 >  38.65
|   |   |   |   |   |   |   |   |--- class: 0
|   |   |   |   |--- feature_7 >  34.50
|   |   |   |   |   |--- feature_1 <= 111.50
|   |   |   |   |   |   |--- feature_3 <= 27.50
|   |   |   |   |   |   |   |--- feature_1 <= 96.50
|   |   |   |   |   |   |   |   |--- class: 0
|   |   |   |   |   |   |   |--- feature_1 >  96.50
|   |   |   |   |   |   |   |   |--- feature_7 <= 43.50
|   |   |   |   |   |   |   |   |   |--- class: 1
|   |   |   |   |   |   |   |   |--- feature_7 >  43.50
|   |   |   |   |   |   |   |   |   |--- feature_1 <= 100.50
|   |   |   |   |   |   |   |   |   |   |--- class: 1
|   |   |   |   |   |   |   |   |   |--- feature_1 >  100.50
|   |   |   |   |   |   |   |   |   |   |--- class: 0
|   |   |   |   |   |   |--- feature_3 >  27.50
|   |   |   |   |   |   |   |--- class: 0
|   |   |   |   |   |--- feature_1 >  111.50
|   |   |   |   |   |   |--- feature_2 <= 77.00
|   |   |   |   |   |   |   |--- class: 1
|   |   |   |   |   |   |--- feature_2 >  77.00
|   |   |   |   |   |   |   |--- feature_3 <= 25.50
|   |   |   |   |   |   |   |   |--- class: 1
|   |   |   |   |   |   |   |--- feature_3 >  25.50
|   |   |   |   |   |   |   |   |--- class: 0
|   |   |   |--- feature_5 >  45.40
|   |   |   |   |--- class: 1
|   |   |--- feature_0 >  6.50
|   |   |   |--- feature_6 <= 0.78
|   |   |   |   |--- feature_7 <= 33.00
|   |   |   |   |   |--- class: 1
|   |   |   |   |--- feature_7 >  33.00
|   |   |   |   |   |--- feature_6 <= 0.30
|   |   |   |   |   |   |--- feature_3 <= 36.50
|   |   |   |   |   |   |   |--- feature_3 <= 13.50
|   |   |   |   |   |   |   |   |--- feature_2 <= 67.00
|   |   |   |   |   |   |   |   |   |--- class: 1
|   |   |   |   |   |   |   |   |--- feature_2 >  67.00
|   |   |   |   |   |   |   |   |   |--- class: 0
|   |   |   |   |   |   |   |--- feature_3 >  13.50
|   |   |   |   |   |   |   |   |--- class: 1
|   |   |   |   |   |   |--- feature_3 >  36.50
|   |   |   |   |   |   |   |--- class: 0
|   |   |   |   |   |--- feature_6 >  0.30
|   |   |   |   |   |   |--- feature_5 <= 38.95
|   |   |   |   |   |   |   |--- class: 0
|   |   |   |   |   |   |--- feature_5 >  38.95
|   |   |   |   |   |   |   |--- class: 1
|   |   |   |--- feature_6 >  0.78
|   |   |   |   |--- class: 1
|--- feature_1 >  127.50
|   |--- feature_1 <= 165.50
|   |   |--- feature_5 <= 28.15
|   |   |   |--- feature_5 <= 26.80
|   |   |   |   |--- feature_5 <= 26.25
|   |   |   |   |   |--- feature_0 <= 3.50
|   |   |   |   |   |   |--- class: 0
|   |   |   |   |   |--- feature_0 >  3.50
|   |   |   |   |   |   |--- feature_2 <= 73.00
|   |   |   |   |   |   |   |--- class: 1
|   |   |   |   |   |   |--- feature_2 >  73.00
|   |   |   |   |   |   |   |--- class: 0
|   |   |   |   |--- feature_5 >  26.25
|   |   |   |   |   |--- class: 1
|   |   |   |--- feature_5 >  26.80
|   |   |   |   |--- class: 0
|   |   |--- feature_5 >  28.15
|   |   |   |--- feature_7 <= 30.50
|   |   |   |   |--- feature_6 <= 0.26
|   |   |   |   |   |--- class: 0
|   |   |   |   |--- feature_6 >  0.26
|   |   |   |   |   |--- feature_0 <= 2.50
|   |   |   |   |   |   |--- feature_7 <= 27.50
|   |   |   |   |   |   |   |--- feature_4 <= 199.00
|   |   |   |   |   |   |   |   |--- feature_6 <= 0.63
|   |   |   |   |   |   |   |   |   |--- class: 1
|   |   |   |   |   |   |   |   |--- feature_6 >  0.63
|   |   |   |   |   |   |   |   |   |--- class: 0
|   |   |   |   |   |   |   |--- feature_4 >  199.00
|   |   |   |   |   |   |   |   |--- class: 0
|   |   |   |   |   |   |--- feature_7 >  27.50
|   |   |   |   |   |   |   |--- class: 0
|   |   |   |   |   |--- feature_0 >  2.50
|   |   |   |   |   |   |--- feature_4 <= 251.50
|   |   |   |   |   |   |   |--- feature_5 <= 33.35
|   |   |   |   |   |   |   |   |--- class: 1
|   |   |   |   |   |   |   |--- feature_5 >  33.35
|   |   |   |   |   |   |   |   |--- feature_5 <= 36.35
|   |   |   |   |   |   |   |   |   |--- feature_7 <= 28.50
|   |   |   |   |   |   |   |   |   |   |--- class: 0
|   |   |   |   |   |   |   |   |   |--- feature_7 >  28.50
|   |   |   |   |   |   |   |   |   |   |--- class: 1
|   |   |   |   |   |   |   |   |--- feature_5 >  36.35
|   |   |   |   |   |   |   |   |   |--- class: 1
|   |   |   |   |   |   |--- feature_4 >  251.50
|   |   |   |   |   |   |   |--- class: 0
|   |   |   |--- feature_7 >  30.50
|   |   |   |   |--- feature_6 <= 0.22
|   |   |   |   |   |--- feature_0 <= 5.50
|   |   |   |   |   |   |--- class: 0
|   |   |   |   |   |--- feature_0 >  5.50
|   |   |   |   |   |   |--- feature_4 <= 50.00
|   |   |   |   |   |   |   |--- class: 1
|   |   |   |   |   |   |--- feature_4 >  50.00
|   |   |   |   |   |   |   |--- class: 0
|   |   |   |   |--- feature_6 >  0.22
|   |   |   |   |   |--- feature_5 <= 33.90
|   |   |   |   |   |   |--- feature_3 <= 36.50
|   |   |   |   |   |   |   |--- feature_4 <= 142.50
|   |   |   |   |   |   |   |   |--- class: 1
|   |   |   |   |   |   |   |--- feature_4 >  142.50
|   |   |   |   |   |   |   |   |--- feature_1 <= 143.00
|   |   |   |   |   |   |   |   |   |--- class: 0
|   |   |   |   |   |   |   |   |--- feature_1 >  143.00
|   |   |   |   |   |   |   |   |   |--- feature_5 <= 32.80
|   |   |   |   |   |   |   |   |   |   |--- class: 1
|   |   |   |   |   |   |   |   |   |--- feature_5 >  32.80
|   |   |   |   |   |   |   |   |   |   |--- class: 0
|   |   |   |   |   |   |--- feature_3 >  36.50
|   |   |   |   |   |   |   |--- class: 0
|   |   |   |   |   |--- feature_5 >  33.90
|   |   |   |   |   |   |--- feature_6 <= 0.69
|   |   |   |   |   |   |   |--- class: 1
|   |   |   |   |   |   |--- feature_6 >  0.69
|   |   |   |   |   |   |   |--- feature_5 <= 39.65
|   |   |   |   |   |   |   |   |--- class: 1
|   |   |   |   |   |   |   |--- feature_5 >  39.65
|   |   |   |   |   |   |   |   |--- class: 0
|   |--- feature_1 >  165.50
|   |   |--- feature_7 <= 59.50
|   |   |   |--- feature_6 <= 0.31
|   |   |   |   |--- feature_6 <= 0.27
|   |   |   |   |   |--- feature_0 <= 9.00
|   |   |   |   |   |   |--- class: 1
|   |   |   |   |   |--- feature_0 >  9.00
|   |   |   |   |   |   |--- class: 0
|   |   |   |   |--- feature_6 >  0.27
|   |   |   |   |   |--- class: 0
|   |   |   |--- feature_6 >  0.31
|   |   |   |   |--- class: 1
|   |   |--- feature_7 >  59.50
|   |   |   |--- class: 0
